Using pre-set license
Built from '2020.2/release' branch; Version is '2020.2.0f1 (3721df5a8b28) revision 3613151'; Using compiler version '192528614'; Build Type 'Release'
OS: 'Windows 10  (10.0.0) 64bit' Language: 'en' Physical Memory: 12170 MB
BatchMode: 1, IsHumanControllingUs: 0, StartBugReporterOnCrash: 0, Is64bit: 1, IsPro: 0

 COMMAND LINE ARGUMENTS:
C:\Unity\20.2\Editor\Unity.exe
-adb2
-batchMode
-noUpm
-name
AssetImportWorker0
-projectPath
C:/Unity/Proj/Star Rider Shader
-logFile
Logs/AssetImportWorker0.log
-srvPort
3671
Successfully changed project path to: C:/Unity/Proj/Star Rider Shader
C:/Unity/Proj/Star Rider Shader
Using Asset Import Pipeline V2.
Refreshing native plugins compatible for Editor in 60.89 ms, found 3 plugins.
Preloading 0 native plugins for Editor in 0.00 ms.
Initialize engine version: 2020.2.0f1 (3721df5a8b28)
[Subsystems] Discovering subsystems at path C:/Unity/20.2/Editor/Data/Resources/UnitySubsystems
[Subsystems] Discovering subsystems at path C:/Unity/Proj/Star Rider Shader/Assets
GfxDevice: creating device client; threaded=0
Direct3D:
    Version:  Direct3D 11.0 [level 11.1]
    Renderer: NVIDIA GeForce MX150 (ID=0x1d10)
    Vendor:   
    VRAM:     4027 MB
    Driver:   23.21.13.9135
Shader 'Universal Render Pipeline/Particles/Lit': fallback shader 'Universal Render Pipeline/Particles/SimpleLit' not found
Initialize mono
Mono path[0] = 'C:/Unity/20.2/Editor/Data/Managed'
Mono path[1] = 'C:/Unity/20.2/Editor/Data/MonoBleedingEdge/lib/mono/unityjit'
Mono config path = 'C:/Unity/20.2/Editor/Data/MonoBleedingEdge/etc'
Using monoOptions --debugger-agent=transport=dt_socket,embedding=1,server=y,suspend=n,address=127.0.0.1:56240
Begin MonoManager ReloadAssembly
Registering precompiled unity dll's ...
Register platform support module: C:/Unity/20.2/Editor/Data/PlaybackEngines/WindowsStandaloneSupport/UnityEditor.WindowsStandalone.Extensions.dll
Registered in 0.002362 seconds.
Native extension for WindowsStandalone target not found
Refreshing native plugins compatible for Editor in 80.52 ms, found 3 plugins.
Preloading 0 native plugins for Editor in 0.00 ms.
Invoked RoslynAnalysisRunner static constructor.
RoslynAnalysisRunner will not be running.
RoslynAnalysisRunner has terminated.
Mono: successfully reloaded assembly
- Completed reload, in  1.672 seconds
Platform modules already initialized, skipping
Registering precompiled user dll's ...
Registered in 0.003351 seconds.
Begin MonoManager ReloadAssembly
Native extension for WindowsStandalone target not found
Refreshing native plugins compatible for Editor in 65.09 ms, found 3 plugins.
Preloading 0 native plugins for Editor in 0.00 ms.
Invoked RoslynAnalysisRunner static constructor.
RoslynAnalysisRunner will not be running.
RoslynAnalysisRunner has terminated.
Mono: successfully reloaded assembly
- Completed reload, in  1.333 seconds
Platform modules already initialized, skipping
========================================================================
Worker process is ready to serve import requests
Shader 'Universal Render Pipeline/Particles/Lit': fallback shader 'Universal Render Pipeline/Particles/SimpleLit' not found
Launched and connected shader compiler UnityShaderCompiler.exe after 0.04 seconds
Refreshing native plugins compatible for Editor in 0.57 ms, found 3 plugins.
Preloading 0 native plugins for Editor in 0.00 ms.
Unloading 2531 Unused Serialized files (Serialized files now loaded: 0)
System memory in use before: 116.9 MB.
System memory in use after: 117.1 MB.

Unloading 17 unused Assets to reduce memory usage. Loaded Objects now: 2965.
Total: 3.238900 ms (FindLiveObjects: 0.514600 ms CreateObjectMapping: 0.330400 ms MarkObjects: 2.317700 ms  DeleteObjects: 0.074700 ms)

========================================================================
Received Import Request.
  path: Assets/Settings/SampleSceneProfile.asset
  artifactKey: Guid(10fc4df2da32a41aaa32d77bc913491c) Importer(815301076,1909f56bfc062723c751e8b465ee728b)
Start importing Assets/Settings/SampleSceneProfile.asset using Guid(10fc4df2da32a41aaa32d77bc913491c) Importer(815301076,1909f56bfc062723c751e8b465ee728b)  -> (artifact id: '22ee9d532d1aea6828b1f04077ee3077') in 0.082743 seconds
  Import took 0.087567 seconds .

========================================================================
Received Import Request.
  Time since last request: 0.000356 seconds.
  path: Assets/Settings/UniversalRP-LowQuality.asset
  artifactKey: Guid(a31e9f9f9c9d4b9429ed0d1234e22103) Importer(815301076,1909f56bfc062723c751e8b465ee728b)
Start importing Assets/Settings/UniversalRP-LowQuality.asset using Guid(a31e9f9f9c9d4b9429ed0d1234e22103) Importer(815301076,1909f56bfc062723c751e8b465ee728b)  -> (artifact id: 'da7d6312bb2b7c7c289bac563a8855f1') in 0.009749 seconds
  Import took 0.015591 seconds .

========================================================================
Received Import Request.
  Time since last request: 0.000385 seconds.
  path: Assets/Settings/UniversalRP-MediumQuality.asset
  artifactKey: Guid(d847b876476d3d6468f5dfcd34266f96) Importer(815301076,1909f56bfc062723c751e8b465ee728b)
Start importing Assets/Settings/UniversalRP-MediumQuality.asset using Guid(d847b876476d3d6468f5dfcd34266f96) Importer(815301076,1909f56bfc062723c751e8b465ee728b)  -> (artifact id: '47f9e6bb3f832cb0a4ad680a4aee295f') in 0.010017 seconds
  Import took 0.014965 seconds .

========================================================================
Received Import Request.
  Time since last request: 0.000358 seconds.
  path: Assets/Settings/UniversalRP-HighQuality.asset
  artifactKey: Guid(19ba41d7c0026c3459d37c2fe90c55a0) Importer(815301076,1909f56bfc062723c751e8b465ee728b)
Start importing Assets/Settings/UniversalRP-HighQuality.asset using Guid(19ba41d7c0026c3459d37c2fe90c55a0) Importer(815301076,1909f56bfc062723c751e8b465ee728b)  -> (artifact id: 'b2d9a0b398d768b95e7cfe078d2631a9') in 0.008726 seconds
  Import took 0.013511 seconds .

========================================================================
Received Import Request.
  Time since last request: 0.000318 seconds.
  path: Assets/Settings/ForwardRenderer.asset
  artifactKey: Guid(4a8e21d5c33334b11b34a596161b9360) Importer(815301076,1909f56bfc062723c751e8b465ee728b)
Start importing Assets/Settings/ForwardRenderer.asset using Guid(4a8e21d5c33334b11b34a596161b9360) Importer(815301076,1909f56bfc062723c751e8b465ee728b)  -> (artifact id: '3871388b3d7db537c5f856be2716efe0') in 0.009537 seconds
  Import took 0.013683 seconds .

========================================================================
Received Import Request.
  Time since last request: 49.210634 seconds.
  path: Assets/Readme.asset
  artifactKey: Guid(83c2ed844a8c74b779a4c823d16594b1) Importer(815301076,1909f56bfc062723c751e8b465ee728b)
Start importing Assets/Readme.asset using Guid(83c2ed844a8c74b779a4c823d16594b1) Importer(815301076,1909f56bfc062723c751e8b465ee728b)  -> (artifact id: 'ca59d64bf2a08deef749e8286789f903') in 0.012077 seconds
  Import took 0.016061 seconds .

========================================================================
Received Import Request.
  Time since last request: 113.818704 seconds.
  path: Assets/TutorialInfo
  artifactKey: Guid(49110bb8dcada46328ad741970bce702) Importer(815301076,1909f56bfc062723c751e8b465ee728b)
Start importing Assets/TutorialInfo using Guid(49110bb8dcada46328ad741970bce702) Importer(815301076,1909f56bfc062723c751e8b465ee728b)  -> (artifact id: '217dbe2e90fdd19ffbb96e6c0f15338a') in 0.009975 seconds
  Import took 0.015755 seconds .

========================================================================
Received Import Request.
  Time since last request: 0.550482 seconds.
  path: Assets/Scenes
  artifactKey: Guid(8abcb084956e25a40a83f5e767c5fba0) Importer(815301076,1909f56bfc062723c751e8b465ee728b)
Start importing Assets/Scenes using Guid(8abcb084956e25a40a83f5e767c5fba0) Importer(815301076,1909f56bfc062723c751e8b465ee728b)  -> (artifact id: 'c895434ff36d3fef054e0b522edac769') in 0.009699 seconds
  Import took 0.015689 seconds .

========================================================================
Received Import Request.
  Time since last request: 0.274895 seconds.
  path: Assets/Project
  artifactKey: Guid(c54760e58225adc49bbc68533f91a8c6) Importer(815301076,1909f56bfc062723c751e8b465ee728b)
Start importing Assets/Project using Guid(c54760e58225adc49bbc68533f91a8c6) Importer(815301076,1909f56bfc062723c751e8b465ee728b)  -> (artifact id: '753f77c2e24fb5a1c8cd57f84e727062') in 0.011565 seconds
  Import took 0.016440 seconds .

========================================================================
Received Import Request.
  Time since last request: 0.061114 seconds.
  path: Assets/Project/Démocrite méditant.fbx
  artifactKey: Guid(59b0da8a5fa616c4a9f88d30e240ca16) Importer(815301076,1909f56bfc062723c751e8b465ee728b)
Start importing Assets/Project/Démocrite méditant.fbx using Guid(59b0da8a5fa616c4a9f88d30e240ca16) Importer(815301076,1909f56bfc062723c751e8b465ee728b)  -> (artifact id: '51d086eb0c3dc9744ba45fd50290c056') in 0.918219 seconds
  Import took 0.923007 seconds .

========================================================================
Received Import Request.
  Time since last request: 0.000324 seconds.
  path: Assets/Project/Shader Graphs_Stars.mat
  artifactKey: Guid(55919b1a19a1e4941b4c56149765cdbe) Importer(815301076,1909f56bfc062723c751e8b465ee728b)
Start importing Assets/Project/Shader Graphs_Stars.mat using Guid(55919b1a19a1e4941b4c56149765cdbe) Importer(815301076,1909f56bfc062723c751e8b465ee728b)  -> (artifact id: '1453a7d59519096c1cab98732caf810d') in 0.792345 seconds
  Import took 0.797921 seconds .

========================================================================
Received Import Request.
  Time since last request: 0.000238 seconds.
  path: Assets/Project/New Scene/Global Volume Profile.asset
  artifactKey: Guid(26221aff3fcf27246aa8cd3aafac661c) Importer(815301076,1909f56bfc062723c751e8b465ee728b)
Start importing Assets/Project/New Scene/Global Volume Profile.asset using Guid(26221aff3fcf27246aa8cd3aafac661c) Importer(815301076,1909f56bfc062723c751e8b465ee728b)  -> (artifact id: 'f821d6ab89f0541a1021d5f5c2c1a4fc') in 0.012341 seconds
  Import took 0.020874 seconds .

========================================================================
Received Import Request.
  Time since last request: 0.000396 seconds.
  path: Assets/Project/Shader Graphs_StarsDot.mat
  artifactKey: Guid(cd5706fe380fcd74fb84bc4c217f67d8) Importer(815301076,1909f56bfc062723c751e8b465ee728b)
Start importing Assets/Project/Shader Graphs_StarsDot.mat using Guid(cd5706fe380fcd74fb84bc4c217f67d8) Importer(815301076,1909f56bfc062723c751e8b465ee728b)  -> (artifact id: '260fb9a3a0fcbd05cfb9ef6b91463a7c') in 0.037697 seconds
  Import took 0.048662 seconds .

========================================================================
Received Import Request.
  Time since last request: 0.000226 seconds.
  path: Assets/Project/New Scene
  artifactKey: Guid(05ce7b5ee27d25a4a88ad7f671ac5ea2) Importer(815301076,1909f56bfc062723c751e8b465ee728b)
Start importing Assets/Project/New Scene using Guid(05ce7b5ee27d25a4a88ad7f671ac5ea2) Importer(815301076,1909f56bfc062723c751e8b465ee728b)  -> (artifact id: '83d23db2b5ed0df188afe0af749fd705') in 0.015805 seconds
  Import took 0.026918 seconds .

========================================================================
Received Import Request.
  Time since last request: 3.455223 seconds.
  path: Assets/Project/New Scene.unity
  artifactKey: Guid(7f9ade71b102de641933a6adf804c53a) Importer(815301076,1909f56bfc062723c751e8b465ee728b)
Start importing Assets/Project/New Scene.unity using Guid(7f9ade71b102de641933a6adf804c53a) Importer(815301076,1909f56bfc062723c751e8b465ee728b)  -> (artifact id: '2b0be44995b0945bbfacf53ffbf94955') in 0.012556 seconds
  Import took 0.020260 seconds .

========================================================================
Received Import Request.
  Time since last request: 5.375920 seconds.
  path: Assets/Project/Scene.unity
  artifactKey: Guid(7f9ade71b102de641933a6adf804c53a) Importer(815301076,1909f56bfc062723c751e8b465ee728b)
Start importing Assets/Project/Scene.unity using Guid(7f9ade71b102de641933a6adf804c53a) Importer(815301076,1909f56bfc062723c751e8b465ee728b)  -> (artifact id: '5c258560f3a3a8e6897b565d9c8283b3') in 0.008298 seconds
  Import took 0.013331 seconds .

========================================================================
Received Import Request.
  Time since last request: 14.894291 seconds.
  path: Assets/Project/Material.mat
  artifactKey: Guid(bb5bd11c4cc054c4594bef8c481f92b4) Importer(815301076,1909f56bfc062723c751e8b465ee728b)
Start importing Assets/Project/Material.mat using Guid(bb5bd11c4cc054c4594bef8c481f92b4) Importer(815301076,1909f56bfc062723c751e8b465ee728b)  -> (artifact id: 'bf3ded157f8631f1d7555ecb91eea54b') in 0.051603 seconds
  Import took 0.056556 seconds .

========================================================================
Received Import Request.
  Time since last request: 8.809029 seconds.
  path: Assets/Project/Materials
  artifactKey: Guid(616a476345bbfe741a9918b7b334499c) Importer(815301076,1909f56bfc062723c751e8b465ee728b)
Start importing Assets/Project/Materials using Guid(616a476345bbfe741a9918b7b334499c) Importer(815301076,1909f56bfc062723c751e8b465ee728b)  -> (artifact id: '1bdaa806b66e07986a01fbd5723a1bb3') in 0.007947 seconds
  Import took 0.012443 seconds .

========================================================================
Received Import Request.
  Time since last request: 9.522758 seconds.
  path: Assets/Project/Scene
  artifactKey: Guid(05ce7b5ee27d25a4a88ad7f671ac5ea2) Importer(815301076,1909f56bfc062723c751e8b465ee728b)
Start importing Assets/Project/Scene using Guid(05ce7b5ee27d25a4a88ad7f671ac5ea2) Importer(815301076,1909f56bfc062723c751e8b465ee728b)  -> (artifact id: '67789f73f711150565969568a1d0af2e') in 0.009214 seconds
  Import took 0.014002 seconds .

========================================================================
Received Import Request.
  Time since last request: 13.175624 seconds.
  path: Assets/Project/Codes
  artifactKey: Guid(2cc233bba4f87044091926d835e56e20) Importer(815301076,1909f56bfc062723c751e8b465ee728b)
Start importing Assets/Project/Codes using Guid(2cc233bba4f87044091926d835e56e20) Importer(815301076,1909f56bfc062723c751e8b465ee728b)  -> (artifact id: 'c9b1eed55daa5198669ed37d9b575262') in 0.008510 seconds
  Import took 0.013973 seconds .

========================================================================
Received Import Request.
  Time since last request: 0.969580 seconds.
  path: Assets/Project/UiHandler.cs
  artifactKey: Guid(20a0ad4a7a254a044a7fe5c2b9d3b108) Importer(815301076,1909f56bfc062723c751e8b465ee728b)
Start importing Assets/Project/UiHandler.cs using Guid(20a0ad4a7a254a044a7fe5c2b9d3b108) Importer(815301076,1909f56bfc062723c751e8b465ee728b)  -> (artifact id: 'ff3f15eb6b636ed7efd36bf2ab92cacd') in 0.011606 seconds
  Import took 0.016515 seconds .

========================================================================
Received Import Request.
  Time since last request: 14.492940 seconds.
  path: Assets/ExampleAssets
  artifactKey: Guid(990f5c2df70993f4987a388ca178996a) Importer(815301076,1909f56bfc062723c751e8b465ee728b)
Start importing Assets/ExampleAssets using Guid(990f5c2df70993f4987a388ca178996a) Importer(815301076,1909f56bfc062723c751e8b465ee728b)  -> (artifact id: '4bcfd6fa8b432f4237713dfed9d7cc63') in 0.011267 seconds
  Import took 0.015533 seconds .

========================================================================
Received Import Request.
  Time since last request: 1.009058 seconds.
  path: Assets/ExampleAssets/Materials
  artifactKey: Guid(ffd318dbb37362c4f8d87863d082b2fd) Importer(815301076,1909f56bfc062723c751e8b465ee728b)
Start importing Assets/ExampleAssets/Materials using Guid(ffd318dbb37362c4f8d87863d082b2fd) Importer(815301076,1909f56bfc062723c751e8b465ee728b)  -> (artifact id: '5860035e727db8eaeb182f24da2711f3') in 0.004262 seconds
  Import took 0.009140 seconds .

========================================================================
Received Import Request.
  Time since last request: 0.088207 seconds.
  path: Assets/ExampleAssets/Materials/ConstructionLight_Mat.mat
  artifactKey: Guid(49076442eeb7e054b8e8869f8b40656d) Importer(815301076,1909f56bfc062723c751e8b465ee728b)
Start importing Assets/ExampleAssets/Materials/ConstructionLight_Mat.mat using Guid(49076442eeb7e054b8e8869f8b40656d) Importer(815301076,1909f56bfc062723c751e8b465ee728b)  -> (artifact id: '90ebfda31cd3d0b4f8204351648caaad') in 0.306721 seconds
  Import took 0.312409 seconds .

========================================================================
Received Import Request.
  Time since last request: 0.000276 seconds.
  path: Assets/ExampleAssets/Materials/DryWall_Mat.mat
  artifactKey: Guid(a68228c24abfa2f4b8954d7b0148f799) Importer(815301076,1909f56bfc062723c751e8b465ee728b)
Start importing Assets/ExampleAssets/Materials/DryWall_Mat.mat using Guid(a68228c24abfa2f4b8954d7b0148f799) Importer(815301076,1909f56bfc062723c751e8b465ee728b)  -> (artifact id: '7bd49974962becbffa0abc88476a059d') in 0.434286 seconds
  Import took 0.437748 seconds .

========================================================================
Received Import Request.
  Time since last request: 0.000329 seconds.
  path: Assets/ExampleAssets/Materials/Strap_Mat.mat
  artifactKey: Guid(81c1860e7800e5340bf8a54c565ba9ea) Importer(815301076,1909f56bfc062723c751e8b465ee728b)
Start importing Assets/ExampleAssets/Materials/Strap_Mat.mat using Guid(81c1860e7800e5340bf8a54c565ba9ea) Importer(815301076,1909f56bfc062723c751e8b465ee728b)  -> (artifact id: '9d3437c45ca7e8796b5517b9528f6f39') in 0.318720 seconds
  Import took 0.323976 seconds .

========================================================================
Received Import Request.
  Time since last request: 0.000338 seconds.
  path: Assets/ExampleAssets/Materials/Plastic_Rough_Mat.mat
  artifactKey: Guid(a5aaee4111611af43b5abbff184fe5fa) Importer(815301076,1909f56bfc062723c751e8b465ee728b)
Start importing Assets/ExampleAssets/Materials/Plastic_Rough_Mat.mat using Guid(a5aaee4111611af43b5abbff184fe5fa) Importer(815301076,1909f56bfc062723c751e8b465ee728b)  -> (artifact id: 'aea712019b603309ca651d01caa9b3a5') in 0.053542 seconds
  Import took 0.057296 seconds .

========================================================================
Received Import Request.
  Time since last request: 0.000233 seconds.
  path: Assets/ExampleAssets/Materials/Ground_Mat.mat
  artifactKey: Guid(d92ef32394b5f474385d74b565a7bdd7) Importer(815301076,1909f56bfc062723c751e8b465ee728b)
Start importing Assets/ExampleAssets/Materials/Ground_Mat.mat using Guid(d92ef32394b5f474385d74b565a7bdd7) Importer(815301076,1909f56bfc062723c751e8b465ee728b)  -> (artifact id: 'b19035f4d748386e9add943af7940312') in 0.054890 seconds
  Import took 0.059667 seconds .

========================================================================
Received Import Request.
  Time since last request: 0.000310 seconds.
  path: Assets/ExampleAssets/Materials/Metal_Simple_Mat.mat
  artifactKey: Guid(a0427cf339e5891468d5f2b433b2d44a) Importer(815301076,1909f56bfc062723c751e8b465ee728b)
Start importing Assets/ExampleAssets/Materials/Metal_Simple_Mat.mat using Guid(a0427cf339e5891468d5f2b433b2d44a) Importer(815301076,1909f56bfc062723c751e8b465ee728b)  -> (artifact id: 'ea95e83e13a1613bdd37d2025217cb17') in 0.318317 seconds
  Import took 0.322539 seconds .

========================================================================
Received Import Request.
  Time since last request: 0.000342 seconds.
  path: Assets/ExampleAssets/Materials/Plastic_Transparent.mat
  artifactKey: Guid(8a38b7350df9a9c438e568993a00e5c5) Importer(815301076,1909f56bfc062723c751e8b465ee728b)
Start importing Assets/ExampleAssets/Materials/Plastic_Transparent.mat using Guid(8a38b7350df9a9c438e568993a00e5c5) Importer(815301076,1909f56bfc062723c751e8b465ee728b)  -> (artifact id: '0c6b32d21f362a889e17108dd73038f8') in 0.272371 seconds
  Import took 0.276713 seconds .

========================================================================
Received Import Request.
  Time since last request: 0.000282 seconds.
  path: Assets/ExampleAssets/Materials/Jigsaw_Mat.mat
  artifactKey: Guid(801db2d997a562b4ea333aa4593ce0f0) Importer(815301076,1909f56bfc062723c751e8b465ee728b)
Start importing Assets/ExampleAssets/Materials/Jigsaw_Mat.mat using Guid(801db2d997a562b4ea333aa4593ce0f0) Importer(815301076,1909f56bfc062723c751e8b465ee728b)  -> (artifact id: 'dc7039fc8b9387067d21f079d6215f4a') in 0.053082 seconds
  Import took 0.057261 seconds .

========================================================================
Received Import Request.
  Time since last request: 0.000304 seconds.
  path: Assets/ExampleAssets/Materials/Hammer_Mat.mat
  artifactKey: Guid(4efcffd7ae23f1e41943fd914b18da10) Importer(815301076,1909f56bfc062723c751e8b465ee728b)
Start importing Assets/ExampleAssets/Materials/Hammer_Mat.mat using Guid(4efcffd7ae23f1e41943fd914b18da10) Importer(815301076,1909f56bfc062723c751e8b465ee728b)  -> (artifact id: '325f510a481e20c5e9ae85625631acfa') in 0.055292 seconds
  Import took 0.060938 seconds .

========================================================================
Received Import Request.
  Time since last request: 0.000305 seconds.
  path: Assets/ExampleAssets/Materials/Plastic_Yellow_Mat.mat
  artifactKey: Guid(bd2d742ee2ce7a740ae0cf992a38be74) Importer(815301076,1909f56bfc062723c751e8b465ee728b)
Start importing Assets/ExampleAssets/Materials/Plastic_Yellow_Mat.mat using Guid(bd2d742ee2ce7a740ae0cf992a38be74) Importer(815301076,1909f56bfc062723c751e8b465ee728b)  -> (artifact id: '0b1361b97544ca0a8ecc65c879883185') in 0.036638 seconds
  Import took 0.041592 seconds .

========================================================================
Received Import Request.
  Time since last request: 0.000286 seconds.
  path: Assets/ExampleAssets/Materials/Plastic_Gray_Mat.mat
  artifactKey: Guid(4dad30bbe2213eb4d8312f7bb6190866) Importer(815301076,1909f56bfc062723c751e8b465ee728b)
Start importing Assets/ExampleAssets/Materials/Plastic_Gray_Mat.mat using Guid(4dad30bbe2213eb4d8312f7bb6190866) Importer(815301076,1909f56bfc062723c751e8b465ee728b)  -> (artifact id: 'd46c14dfaa98d1aafddcccc64a70c74d') in 0.028111 seconds
  Import took 0.033664 seconds .

========================================================================
Received Import Request.
  Time since last request: 0.000322 seconds.
  path: Assets/ExampleAssets/Materials/PaintLabel_Mat.mat
  artifactKey: Guid(3da4aad06945bbf4baf801c2aacbc01e) Importer(815301076,1909f56bfc062723c751e8b465ee728b)
Start importing Assets/ExampleAssets/Materials/PaintLabel_Mat.mat using Guid(3da4aad06945bbf4baf801c2aacbc01e) Importer(815301076,1909f56bfc062723c751e8b465ee728b)  -> (artifact id: '9642ed4ee070e68eaedee50199a32935') in 0.295927 seconds
  Import took 0.300565 seconds .

========================================================================
Received Import Request.
  Time since last request: 0.000288 seconds.
  path: Assets/ExampleAssets/Materials/LightBulb_Mat.mat
  artifactKey: Guid(ec739259ec61f5d4ba3ed6d34fd802a6) Importer(815301076,1909f56bfc062723c751e8b465ee728b)
Start importing Assets/ExampleAssets/Materials/LightBulb_Mat.mat using Guid(ec739259ec61f5d4ba3ed6d34fd802a6) Importer(815301076,1909f56bfc062723c751e8b465ee728b)  -> (artifact id: '00214f0634f9d53fc45e992bebbd20bf') in 0.270602 seconds
  Import took 0.274068 seconds .

========================================================================
Received Import Request.
  Time since last request: 0.000317 seconds.
  path: Assets/ExampleAssets/Materials/HardHat_Mat.mat
  artifactKey: Guid(e93789f0a5d66df4a81613935579642b) Importer(815301076,1909f56bfc062723c751e8b465ee728b)
Start importing Assets/ExampleAssets/Materials/HardHat_Mat.mat using Guid(e93789f0a5d66df4a81613935579642b) Importer(815301076,1909f56bfc062723c751e8b465ee728b)  -> (artifact id: 'f645a998a6183f7f5d326941bcf3b918') in 0.053853 seconds
  Import took 0.057619 seconds .

========================================================================
Received Import Request.
  Time since last request: 0.000355 seconds.
  path: Assets/ExampleAssets/Materials/Plastic_Black_Mat.mat
  artifactKey: Guid(e745492728544aa488aa0429b6068e71) Importer(815301076,1909f56bfc062723c751e8b465ee728b)
Start importing Assets/ExampleAssets/Materials/Plastic_Black_Mat.mat using Guid(e745492728544aa488aa0429b6068e71) Importer(815301076,1909f56bfc062723c751e8b465ee728b)  -> (artifact id: 'b600a31771afdc0e6a8f70c1cded6803') in 0.034957 seconds
  Import took 0.039155 seconds .

========================================================================
Received Import Request.
  Time since last request: 0.000338 seconds.
  path: Assets/ExampleAssets/Materials/DryWallPainted_Mat.mat
  artifactKey: Guid(9b8eadc4de0544646b75ddcc43f8fd06) Importer(815301076,1909f56bfc062723c751e8b465ee728b)
Start importing Assets/ExampleAssets/Materials/DryWallPainted_Mat.mat using Guid(9b8eadc4de0544646b75ddcc43f8fd06) Importer(815301076,1909f56bfc062723c751e8b465ee728b)  -> (artifact id: 'c958cd22529be9757f07c7a61cf6f9c5') in 0.047171 seconds
  Import took 0.050811 seconds .

========================================================================
Received Import Request.
  Time since last request: 0.000317 seconds.
  path: Assets/ExampleAssets/Materials/Plastic_Ridges_Mat.mat
  artifactKey: Guid(c05de7c865075334786e6a47a543af72) Importer(815301076,1909f56bfc062723c751e8b465ee728b)
Start importing Assets/ExampleAssets/Materials/Plastic_Ridges_Mat.mat using Guid(c05de7c865075334786e6a47a543af72) Importer(815301076,1909f56bfc062723c751e8b465ee728b)  -> (artifact id: 'cd7898e64e870ce4e4d015064f91cb63') in 0.050987 seconds
  Import took 0.054698 seconds .

========================================================================
Received Import Request.
  Time since last request: 0.000316 seconds.
  path: Assets/ExampleAssets/Materials/Metal_Blue_Simple_Mat.mat
  artifactKey: Guid(cd71291c91c8cce499cb663b5db9970e) Importer(815301076,1909f56bfc062723c751e8b465ee728b)
Start importing Assets/ExampleAssets/Materials/Metal_Blue_Simple_Mat.mat using Guid(cd71291c91c8cce499cb663b5db9970e) Importer(815301076,1909f56bfc062723c751e8b465ee728b)  -> (artifact id: '1c4480d7670d25b7f61976938d6f2633') in 0.033131 seconds
  Import took 0.036767 seconds .

========================================================================
Received Import Request.
  Time since last request: 0.000357 seconds.
  path: Assets/ExampleAssets/Materials/Paint1G_WAnim_Material.mat
  artifactKey: Guid(55c183dc45153be48a45c4e530127fb3) Importer(815301076,1909f56bfc062723c751e8b465ee728b)
Start importing Assets/ExampleAssets/Materials/Paint1G_WAnim_Material.mat using Guid(55c183dc45153be48a45c4e530127fb3) Importer(815301076,1909f56bfc062723c751e8b465ee728b)  -> (artifact id: '5ef99d1b4f761b9a16286a1375bc4a74') in 0.856942 seconds
  Import took 0.861258 seconds .

========================================================================
Received Prepare
Registering precompiled user dll's ...
Registered in 0.002127 seconds.
Begin MonoManager ReloadAssembly
Native extension for WindowsStandalone target not found
Refreshing native plugins compatible for Editor in 0.49 ms, found 3 plugins.
Preloading 0 native plugins for Editor in 0.00 ms.
Invoked RoslynAnalysisRunner static constructor.
RoslynAnalysisRunner will not be running.
RoslynAnalysisRunner has terminated.
Mono: successfully reloaded assembly
- Completed reload, in  0.942 seconds
Platform modules already initialized, skipping
Shader 'Universal Render Pipeline/Particles/Lit': fallback shader 'Universal Render Pipeline/Particles/SimpleLit' not found
Refreshing native plugins compatible for Editor in 0.47 ms, found 3 plugins.
Preloading 0 native plugins for Editor in 0.00 ms.
Unloading 2416 Unused Serialized files (Serialized files now loaded: 0)
System memory in use before: 117.2 MB.
System memory in use after: 117.4 MB.

Unloading 12 unused Assets to reduce memory usage. Loaded Objects now: 3052.
Total: 2.458700 ms (FindLiveObjects: 0.492000 ms CreateObjectMapping: 0.201800 ms MarkObjects: 1.718300 ms  DeleteObjects: 0.044500 ms)

========================================================================
Received Import Request.
  Time since last request: 1.859176 seconds.
  path: Assets/ExampleAssets/Prefabs
  artifactKey: Guid(5e04804d4b233d04d92ef41852c3f676) Importer(815301076,1909f56bfc062723c751e8b465ee728b)
Start importing Assets/ExampleAssets/Prefabs using Guid(5e04804d4b233d04d92ef41852c3f676) Importer(815301076,1909f56bfc062723c751e8b465ee728b)  -> (artifact id: 'd1897ef4e748d57ad67af97232514e3d') in 0.011790 seconds
  Import took 0.016227 seconds .

========================================================================
Received Import Request.
  Time since last request: 5.735283 seconds.
  path: Assets/Scenes/SampleScene.unity
  artifactKey: Guid(d1c3109bdb54ad54c8a2b2838528e640) Importer(815301076,1909f56bfc062723c751e8b465ee728b)
Start importing Assets/Scenes/SampleScene.unity using Guid(d1c3109bdb54ad54c8a2b2838528e640) Importer(815301076,1909f56bfc062723c751e8b465ee728b)  -> (artifact id: 'd98c5375b2cd6fafbacf71bd3a8b4697') in 0.022131 seconds
  Import took 0.027080 seconds .

========================================================================
Received Import Request.
  Time since last request: 8.322052 seconds.
  path: Assets/Scripts
  artifactKey: Guid(02a3527b6b33a924e8ec66aa805ea717) Importer(815301076,1909f56bfc062723c751e8b465ee728b)
Start importing Assets/Scripts using Guid(02a3527b6b33a924e8ec66aa805ea717) Importer(815301076,1909f56bfc062723c751e8b465ee728b)  -> (artifact id: '31d1e5ad2b847f29d279773ff1807c2d') in 0.010225 seconds
  Import took 0.015370 seconds .

========================================================================
Received Import Request.
  Time since last request: 1.703515 seconds.
  path: Assets/Settings
  artifactKey: Guid(0735c275001a2c84dafdb30deced5d8d) Importer(815301076,1909f56bfc062723c751e8b465ee728b)
Start importing Assets/Settings using Guid(0735c275001a2c84dafdb30deced5d8d) Importer(815301076,1909f56bfc062723c751e8b465ee728b)  -> (artifact id: '6052eb58946a91250785119d4a8ba1f4') in 0.009578 seconds
  Import took 0.015597 seconds .

========================================================================
Received Prepare
Registering precompiled user dll's ...
Registered in 0.002039 seconds.
Begin MonoManager ReloadAssembly
Native extension for WindowsStandalone target not found
Refreshing native plugins compatible for Editor in 0.49 ms, found 3 plugins.
Preloading 0 native plugins for Editor in 0.00 ms.
Invoked RoslynAnalysisRunner static constructor.
RoslynAnalysisRunner will not be running.
RoslynAnalysisRunner has terminated.
Mono: successfully reloaded assembly
- Completed reload, in  0.871 seconds
Platform modules already initialized, skipping
Shader 'Universal Render Pipeline/Particles/Lit': fallback shader 'Universal Render Pipeline/Particles/SimpleLit' not found
Refreshing native plugins compatible for Editor in 0.47 ms, found 3 plugins.
Preloading 0 native plugins for Editor in 0.00 ms.
Unloading 2412 Unused Serialized files (Serialized files now loaded: 0)
System memory in use before: 118.1 MB.
System memory in use after: 118.3 MB.

Unloading 12 unused Assets to reduce memory usage. Loaded Objects now: 3054.
Total: 2.215700 ms (FindLiveObjects: 0.236000 ms CreateObjectMapping: 0.119800 ms MarkObjects: 1.837400 ms  DeleteObjects: 0.021700 ms)

========================================================================
Received Prepare
Registering precompiled user dll's ...
Registered in 0.001985 seconds.
Begin MonoManager ReloadAssembly
Native extension for WindowsStandalone target not found
Refreshing native plugins compatible for Editor in 0.49 ms, found 3 plugins.
Preloading 0 native plugins for Editor in 0.00 ms.
Invoked RoslynAnalysisRunner static constructor.
RoslynAnalysisRunner will not be running.
RoslynAnalysisRunner has terminated.
Mono: successfully reloaded assembly
- Completed reload, in  0.862 seconds
Platform modules already initialized, skipping
Shader 'Universal Render Pipeline/Particles/Lit': fallback shader 'Universal Render Pipeline/Particles/SimpleLit' not found
Refreshing native plugins compatible for Editor in 0.47 ms, found 3 plugins.
Preloading 0 native plugins for Editor in 0.00 ms.
Unloading 2412 Unused Serialized files (Serialized files now loaded: 0)
System memory in use before: 118.0 MB.
System memory in use after: 118.2 MB.

Unloading 12 unused Assets to reduce memory usage. Loaded Objects now: 3056.
Total: 3.730200 ms (FindLiveObjects: 0.344600 ms CreateObjectMapping: 0.191700 ms MarkObjects: 3.171300 ms  DeleteObjects: 0.021100 ms)

AssetImportWorkerClient::OnTransportError - code=2 error=End of file
